#
# There is insufficient memory for the Java Runtime Environment to continue.
# Native memory allocation (mmap) failed to map 132120576 bytes for Failed to commit area from 0x0000000083000000 to 0x000000008ae00000 of length 132120576.
# Possible reasons:
#   The system is out of physical RAM or swap space
#   The process is running with CompressedOops enabled, and the Java Heap may be blocking the growth of the native heap
# Possible solutions:
#   Reduce memory load on the system
#   Increase physical memory or swap space
#   Check if swap backing store is full
#   Decrease Java heap size (-Xmx/-Xms)
#   Decrease number of Java threads
#   Decrease Java thread stack sizes (-Xss)
#   Set larger code cache with -XX:ReservedCodeCacheSize=
# This output file may be truncated or incomplete.
#
#  Out of Memory Error (./src/hotspot/os/windows/os_windows.cpp:3619), pid=16324, tid=2608
#
# JRE version:  (11.0.13+7) (build )
# Java VM: OpenJDK 64-Bit Server VM (11.0.13+7-b1751.25, mixed mode, sharing, tiered, compressed oops, g1 gc, windows-amd64)
# No core dump will be written. Minidumps are not enabled by default on client versions of Windows
#

---------------  S U M M A R Y ------------

Command Line: git4idea.http.GitAskPassApp Username for 'https://github.com': 

Host: Intel(R) Core(TM) i7-8565U CPU @ 1.80GHz, 8 cores, 7G,  Windows 10 , 64 bit Build 18362 (10.0.18362.1500)
Time: Thu Mar 24 22:27:27 2022 ?D1¨²¡À¨º¡Á?¨º¡À?? elapsed time: 0.065577 seconds (0d 0h 0m 0s)

---------------  T H R E A D  ---------------

Current thread (0x000001d35d061000):  JavaThread "Unknown thread" [_thread_in_vm, id=2608, stack(0x0000000373a00000,0x0000000373b00000)]

Stack: [0x0000000373a00000,0x0000000373b00000]
Native frames: (J=compiled Java code, j=interpreted, Vv=VM code, C=native code)
V  [jvm.dll+0x613daa]
V  [jvm.dll+0x799b30]
V  [jvm.dll+0x79b14d]
V  [jvm.dll+0x79b823]
V  [jvm.dll+0x24c958]
V  [jvm.dll+0x610e24]
V  [jvm.dll+0x605b25]
V  [jvm.dll+0x30aaab]
V  [jvm.dll+0x30aa1a]
V  [jvm.dll+0x30a8f2]
V  [jvm.dll+0x30f856]
V  [jvm.dll+0x359143]
V  [jvm.dll+0x359846]
V  [jvm.dll+0x359243]
V  [jvm.dll+0x2e57a8]
V  [jvm.dll+0x2e6947]
V  [jvm.dll+0x776d47]
V  [jvm.dll+0x77853c]
V  [jvm.dll+0x3666c9]
V  [jvm.dll+0x75a9ce]
V  [jvm.dll+0x3d47d3]
V  [jvm.dll+0x3d6d21]
C  [jli.dll+0x536b]
C  [ucrtbase.dll+0x210b2]
C  [KERNEL32.DLL+0x17c24]
C  [ntdll.dll+0x6d721]


---------------  P R O C E S S  ---------------

Threads class SMR info:
_java_thread_list=0x000001d35aec6070, length=0, elements={
}

Java Threads: ( => current thread )

Other Threads:
  0x000001d35d07a000 GCTaskThread "GC Thread#0" [stack: 0x0000000373b00000,0x0000000373c00000] [id=13388]
  0x000001d35d0ac800 ConcurrentGCThread "G1 Main Marker" [stack: 0x0000000373c00000,0x0000000373d00000] [id=2604]
  0x000001d35d0ae000 ConcurrentGCThread "G1 Conc#0" [stack: 0x0000000373d00000,0x0000000373e00000] [id=8864]

[error occurred during error reporting (printing all threads), id 0xc0000005, EXCEPTION_ACCESS_VIOLATION (0xc0000005) at pc=0x00007ffcb2865c97]

VM state:not at safepoint (not fully initialized)

VM Mutex/Monitor currently owned by a thread:  ([mutex/lock_event])
[0x000001d35d05ea50] Heap_lock - owner thread: 0x000001d35d061000

Heap address: 0x0000000083000000, size: 2000 MB, Compressed Oops mode: Non-zero based: 0x0000000083000000
Narrow klass base: 0x0000000000000000, Narrow klass shift: 0

GC Heap History (0 events):
No events

Deoptimization events (0 events):
No events

Classes redefined (0 events):
No events

Internal exceptions (0 events):
No events

Events (1 events):
Event: 0.043 Loaded shared library D:\IntelliJ IDEA 2021.3.2\jbr\bin\zip.dll


Dynamic libraries:
0x00007ff6135f0000 - 0x00007ff6135fa000 	D:\IntelliJ IDEA 2021.3.2\jbr\bin\java.exe
0x00007ffd1d7e0000 - 0x00007ffd1d9d0000 	C:\WINDOWS\SYSTEM32\ntdll.dll
0x00007ffd1bb20000 - 0x00007ffd1bbd2000 	C:\WINDOWS\System32\KERNEL32.DLL
0x00007ffd1b200000 - 0x00007ffd1b4a5000 	C:\WINDOWS\System32\KERNELBASE.dll
0x00007ffd1a770000 - 0x00007ffd1a86a000 	C:\WINDOWS\System32\ucrtbase.dll
0x00007ffd054a0000 - 0x00007ffd054b9000 	D:\IntelliJ IDEA 2021.3.2\jbr\bin\jli.dll
0x00007ffce4b80000 - 0x00007ffce4b97000 	D:\IntelliJ IDEA 2021.3.2\jbr\bin\VCRUNTIME140.dll
0x00007ffd1b960000 - 0x00007ffd1baf4000 	C:\WINDOWS\System32\USER32.dll
0x00007ffd1a8c0000 - 0x00007ffd1a8e1000 	C:\WINDOWS\System32\win32u.dll
0x00007ffd1c3e0000 - 0x00007ffd1c406000 	C:\WINDOWS\System32\GDI32.dll
0x00007ffd01a80000 - 0x00007ffd01d04000 	C:\WINDOWS\WinSxS\amd64_microsoft.windows.common-controls_6595b64144ccf1df_6.0.18362.1556_none_9e7e372fe45e41d5\COMCTL32.dll
0x00007ffd1b6f0000 - 0x00007ffd1b888000 	C:\WINDOWS\System32\gdi32full.dll
0x00007ffd1c490000 - 0x00007ffd1c52e000 	C:\WINDOWS\System32\msvcrt.dll
0x00007ffd1b100000 - 0x00007ffd1b19e000 	C:\WINDOWS\System32\msvcp_win.dll
0x00007ffd1cbf0000 - 0x00007ffd1cf26000 	C:\WINDOWS\System32\combase.dll
0x00007ffd1be60000 - 0x00007ffd1bf7f000 	C:\WINDOWS\System32\RPCRT4.dll
0x00007ffd1b070000 - 0x00007ffd1b0f1000 	C:\WINDOWS\System32\bcryptPrimitives.dll
0x00007ffd1bf80000 - 0x00007ffd1bfae000 	C:\WINDOWS\System32\IMM32.DLL
0x00007ffcb3800000 - 0x00007ffcb389d000 	D:\IntelliJ IDEA 2021.3.2\jbr\bin\msvcp140.dll
0x00007ffcb2570000 - 0x00007ffcb30e6000 	D:\IntelliJ IDEA 2021.3.2\jbr\bin\server\jvm.dll
0x00007ffd1d000000 - 0x00007ffd1d0a3000 	C:\WINDOWS\System32\ADVAPI32.dll
0x00007ffd1c010000 - 0x00007ffd1c0a7000 	C:\WINDOWS\System32\sechost.dll
0x00007ffd1c6f0000 - 0x00007ffd1c6f8000 	C:\WINDOWS\System32\PSAPI.DLL
0x00007ffcfd890000 - 0x00007ffcfd899000 	C:\WINDOWS\SYSTEM32\WSOCK32.dll
0x00007ffd0f020000 - 0x00007ffd0f044000 	C:\WINDOWS\SYSTEM32\WINMM.dll
0x00007ffd0f860000 - 0x00007ffd0f86a000 	C:\WINDOWS\SYSTEM32\VERSION.dll
0x00007ffd0eff0000 - 0x00007ffd0f01d000 	C:\WINDOWS\SYSTEM32\WINMMBASE.dll
0x00007ffd1a870000 - 0x00007ffd1a8ba000 	C:\WINDOWS\System32\cfgmgr32.dll
0x00007ffd1c680000 - 0x00007ffd1c6ef000 	C:\WINDOWS\System32\WS2_32.dll
0x00007ffd1a6a0000 - 0x00007ffd1a6b1000 	C:\WINDOWS\System32\kernel.appcore.dll
0x00007ffd054f0000 - 0x00007ffd05501000 	D:\IntelliJ IDEA 2021.3.2\jbr\bin\verify.dll
0x00007ffd15f20000 - 0x00007ffd16114000 	C:\WINDOWS\SYSTEM32\DBGHELP.DLL
0x00007ffcfbee0000 - 0x00007ffcfbf0a000 	C:\WINDOWS\SYSTEM32\dbgcore.DLL
0x00007ffd054c0000 - 0x00007ffd054e9000 	D:\IntelliJ IDEA 2021.3.2\jbr\bin\java.dll
0x00007ffd0b500000 - 0x00007ffd0b50b000 	D:\IntelliJ IDEA 2021.3.2\jbr\bin\jimage.dll
0x00007ffd13880000 - 0x00007ffd13898000 	D:\IntelliJ IDEA 2021.3.2\jbr\bin\zip.dll

dbghelp: loaded successfully - version: 4.0.5 - missing functions: none
symbol engine: initialized successfully - sym options: 0x614 - pdb path: .;D:\IntelliJ IDEA 2021.3.2\jbr\bin;C:\WINDOWS\SYSTEM32;C:\WINDOWS\WinSxS\amd64_microsoft.windows.common-controls_6595b64144ccf1df_6.0.18362.1556_none_9e7e372fe45e41d5;D:\IntelliJ IDEA 2021.3.2\jbr\bin\server

VM Arguments:
java_command: git4idea.http.GitAskPassApp Username for 'https://github.com': 
java_class_path (initial): D:/IntelliJ IDEA 2021.3.2/plugins/git4idea/lib/git4idea-rt.jar;D:/IntelliJ IDEA 2021.3.2/lib/3rd-party.jar;D:/IntelliJ IDEA 2021.3.2/lib/3rd-party-rt.jar
Launcher Type: SUN_STANDARD

[Global flags]
     intx CICompilerCount                          = 4                                         {product} {ergonomic}
     uint ConcGCThreads                            = 2                                         {product} {ergonomic}
     uint G1ConcRefinementThreads                  = 8                                         {product} {ergonomic}
   size_t G1HeapRegionSize                         = 1048576                                   {product} {ergonomic}
    uintx GCDrainStackTargetSize                   = 64                                        {product} {ergonomic}
   size_t InitialHeapSize                          = 132120576                                 {product} {ergonomic}
   size_t MarkStackSize                            = 4194304                                   {product} {ergonomic}
   size_t MaxHeapSize                              = 2097152000                                {product} {ergonomic}
   size_t MinHeapDeltaBytes                        = 1048576                                   {product} {ergonomic}
    uintx NonNMethodCodeHeapSize                   = 5836300                                {pd product} {ergonomic}
    uintx NonProfiledCodeHeapSize                  = 122910970                              {pd product} {ergonomic}
    uintx ProfiledCodeHeapSize                     = 122910970                              {pd product} {ergonomic}
    uintx ReservedCodeCacheSize                    = 251658240                              {pd product} {ergonomic}
     bool SegmentedCodeCache                       = true                                      {product} {ergonomic}
     bool UseCompressedClassPointers               = true                                 {lp64_product} {ergonomic}
     bool UseCompressedOops                        = true                                 {lp64_product} {ergonomic}
     bool UseG1GC                                  = true                                      {product} {ergonomic}
     bool UseLargePagesIndividualAllocation        = false                                  {pd product} {ergonomic}

Logging:
Log output configuration:
 #0: stdout all=warning uptime,level,tags
 #1: stderr all=off uptime,level,tags

Environment Variables:
JAVA_HOME=D:\Program Files\Java\jdk-11.0.2
CLASSPATH=.;D:\Program Files\Java\jdk-11.0.2\lib\dt.jar;D:\Program Files\Java\jdk-11.0.2\lib\toos.jar
PATH=D:/Git/Git/mingw64/libexec/git-core;D:/Git/Git/mingw64/libexec/git-core;D:\Git\Git\mingw64\bin;D:\Git\Git\usr\bin;C:\Users\Õ×½ú\bin;D:\Program Files\Java\jdk-11.0.2\jre\bin;D:\Program Files\Java\jdk-11.0.2\bin;C:\Program Files (x86)\Common Files\Oracle\Java\javapath;C:\Windows\system32;C:\Windows;C:\Windows\System32\Wbem;C:\Windows\System32\WindowsPowerShell\v1.0\;C:\Windows\System32\OpenSSH\;C:\Program Files (x86)\NVIDIA Corporation\PhysX\Common;C:\Program Files (x86)\QuickTime\QTSystem\;C:\Program Files (x86)\Intel\Intel(R) Management Engine Components\DAL;C:\Program Files\Intel\Intel(R) Management Engine Components\DAL;C:\Program Files\Intel\WiFi\bin\;C:\Program Files\Common Files\Intel\WirelessCommon\;C:\WINDOWS\system32;C:\WINDOWS;C:\WINDOWS\System32\Wbem;C:\WINDOWS\System32\WindowsPowerShell\v1.0\;C:\WINDOWS\System32\OpenSSH\D:\android SDK\platform-tools\systrace\catapult\devil\devil\android\sdk/platform-tools;D:\android SDK\platform-tools\systrace\catapult\devil\devil\android\sdk/tools;D:\apache-tomcat-8.5.54bin;D:\MASM;D:\mysql-8.0.25-winx64\bin;D:\MySQL\mysql-5.6.16-win32\bin;D:\node\;D:\neo4j\neo4j-community-4.4.4-windows\neo4j-community-4.4.4\bin;D:\Git\Git\cmd;C:\Users\Õ×½ú\AppData\Local\Microsoft\WindowsApps;D:\ÐÂ½¨ÎÄ¼þ¼Ð (4)\Microsoft VS Code\bin;C:\Users\Õ×½ú\AppData\Roaming\npm
USERNAME=Õ×½ú
DISPLAY=:0.0
LC_ALL=en_US.UTF-8
OS=Windows_NT
PROCESSOR_IDENTIFIER=Intel64 Family 6 Model 142 Stepping 11, GenuineIntel



---------------  S Y S T E M  ---------------

OS: Windows 10 , 64 bit Build 18362 (10.0.18362.1500)
OS uptime: 0 days 1:49 hours

CPU:total 8 (initial active 8) (4 cores per cpu, 2 threads per core) family 6 model 142 stepping 11 microcode 0xde, cmov, cx8, fxsr, mmx, sse, sse2, sse3, ssse3, sse4.1, sse4.2, popcnt, avx, avx2, aes, clmul, erms, 3dnowpref, lzcnt, ht, tsc, tscinvbit, bmi1, bmi2, adx, fma

Memory: 4k page, system-wide physical 7999M (2617M free)
TotalPageFile size 10417M (AvailPageFile size 22M)
current process WorkingSet (physical memory assigned to process): 10M, peak: 10M
current process commit charge ("private bytes"): 60M, peak: 186M

vm_info: OpenJDK 64-Bit Server VM (11.0.13+7-b1751.25) for windows-amd64 JRE (11.0.13+7-b1751.25), built on Jan 13 2022 20:47:27 by "" with MS VC++ 14.0 (VS2015)

END.
