#
# There is insufficient memory for the Java Runtime Environment to continue.
# Native memory allocation (mmap) failed to map 65536 bytes for Failed to commit metaspace.
# Possible reasons:
#   The system is out of physical RAM or swap space
#   The process is running with CompressedOops enabled, and the Java Heap may be blocking the growth of the native heap
# Possible solutions:
#   Reduce memory load on the system
#   Increase physical memory or swap space
#   Check if swap backing store is full
#   Decrease Java heap size (-Xmx/-Xms)
#   Decrease number of Java threads
#   Decrease Java thread stack sizes (-Xss)
#   Set larger code cache with -XX:ReservedCodeCacheSize=
#   JVM is running with Unscaled Compressed Oops mode in which the Java heap is
#     placed in the first 4GB address space. The Java Heap base address is the
#     maximum limit for the native heap growth. Please use -XX:HeapBaseMinAddress
#     to set the Java Heap base and to place the Java Heap above 4GB virtual address.
# This output file may be truncated or incomplete.
#
#  Out of Memory Error (virtualSpaceNode.cpp:110), pid=16592, tid=10700
#
# JRE version: OpenJDK Runtime Environment (17.0.2+8) (build 17.0.2+8-86)
# Java VM: OpenJDK 64-Bit Server VM (17.0.2+8-86, mixed mode, emulated-client, sharing, tiered, compressed oops, compressed class ptrs, g1 gc, windows-amd64)
# No core dump will be written. Minidumps are not enabled by default on client versions of Windows
#

---------------  S U M M A R Y ------------

Command Line: -XX:TieredStopAtLevel=1 -Xverify:none -Dspring.output.ansi.enabled=always -Dcom.sun.management.jmxremote -Dspring.jmx.enabled=true -Dspring.liveBeansView.mbeanDomain -Dspring.application.admin.enabled=true -javaagent:D:\IntelliJ IDEA 2021.3.2\lib\idea_rt.jar=56634:D:\IntelliJ IDEA 2021.3.2\bin -Dfile.encoding=UTF-8 com.zhong.wiki.config.WikiApplication

Host: Intel(R) Core(TM) i7-8565U CPU @ 1.80GHz, 8 cores, 7G,  Windows 10 , 64 bit Build 18362 (10.0.18362.1500)
Time: Mon Mar 28 17:16:39 2022 中国标准时间 elapsed time: 3.149446 seconds (0d 0h 0m 3s)

---------------  T H R E A D  ---------------

Current thread (0x0000021cc9f1f630):  JavaThread "restartedMain" [_thread_in_vm, id=10700, stack(0x0000009f7de00000,0x0000009f7df00000)]

Stack: [0x0000009f7de00000,0x0000009f7df00000]
Native frames: (J=compiled Java code, j=interpreted, Vv=VM code, C=native code)
V  [jvm.dll+0x670baa]
V  [jvm.dll+0x7cfcb4]
V  [jvm.dll+0x7d145e]
V  [jvm.dll+0x7d1ac3]
V  [jvm.dll+0x242bc5]
V  [jvm.dll+0x7cbc5b]
V  [jvm.dll+0x616966]
V  [jvm.dll+0x1be3ee]
V  [jvm.dll+0x6192a1]
V  [jvm.dll+0x617306]
V  [jvm.dll+0x367ba2]
V  [jvm.dll+0x1dfadb]
V  [jvm.dll+0x537c59]
V  [jvm.dll+0x74ad28]
V  [jvm.dll+0x74ae14]
V  [jvm.dll+0x408cc5]
V  [jvm.dll+0x40ed18]
C  [java.dll+0x17ec]

Java frames: (J=compiled Java code, j=interpreted, Vv=VM code)
J 1213  java.lang.ClassLoader.defineClass1(Ljava/lang/ClassLoader;Ljava/lang/String;[BIILjava/security/ProtectionDomain;Ljava/lang/String;)Ljava/lang/Class; java.base@17.0.2 (0 bytes) @ 0x0000021cbe7d1a63 [0x0000021cbe7d19a0+0x00000000000000c3]
J 1346 c1 java.lang.ClassLoader.defineClass(Ljava/lang/String;[BIILjava/security/ProtectionDomain;)Ljava/lang/Class; java.base@17.0.2 (43 bytes) @ 0x0000021cbe804c5c [0x0000021cbe804b60+0x00000000000000fc]
J 1230 c1 jdk.internal.loader.BuiltinClassLoader.defineClass(Ljava/lang/String;Ljdk/internal/loader/Resource;)Ljava/lang/Class; java.base@17.0.2 (121 bytes) @ 0x0000021cbe7dbde4 [0x0000021cbe7db920+0x00000000000004c4]
J 1216 c1 jdk.internal.loader.BuiltinClassLoader.findClassOnClassPathOrNull(Ljava/lang/String;)Ljava/lang/Class; java.base@17.0.2 (64 bytes) @ 0x0000021cbe7d3034 [0x0000021cbe7d2d80+0x00000000000002b4]
J 1036 c1 jdk.internal.loader.BuiltinClassLoader.loadClassOrNull(Ljava/lang/String;Z)Ljava/lang/Class; java.base@17.0.2 (143 bytes) @ 0x0000021cbe78725c [0x0000021cbe786e00+0x000000000000045c]
J 1109 c1 jdk.internal.loader.ClassLoaders$AppClassLoader.loadClass(Ljava/lang/String;Z)Ljava/lang/Class; java.base@17.0.2 (40 bytes) @ 0x0000021cbe7a6ea4 [0x0000021cbe7a6d60+0x0000000000000144]
J 1100 c1 java.lang.ClassLoader.loadClass(Ljava/lang/String;)Ljava/lang/Class; java.base@17.0.2 (7 bytes) @ 0x0000021cbe7a44e4 [0x0000021cbe7a44a0+0x0000000000000044]
v  ~StubRoutines::call_stub
J 888  java.lang.Class.forName0(Ljava/lang/String;ZLjava/lang/ClassLoader;Ljava/lang/Class;)Ljava/lang/Class; java.base@17.0.2 (0 bytes) @ 0x0000021cbe6bc1af [0x0000021cbe6bc120+0x000000000000008f]
J 891 c1 java.lang.Class.forName(Ljava/lang/String;ZLjava/lang/ClassLoader;)Ljava/lang/Class; java.base@17.0.2 (47 bytes) @ 0x0000021cbe6bd1b4 [0x0000021cbe6bd0c0+0x00000000000000f4]
J 2398 c1 org.springframework.boot.devtools.restart.classloader.RestartClassLoader.loadClass(Ljava/lang/String;Z)Ljava/lang/Class; (119 bytes) @ 0x0000021cbe9a03b4 [0x0000021cbe99fe00+0x00000000000005b4]
J 1100 c1 java.lang.ClassLoader.loadClass(Ljava/lang/String;)Ljava/lang/Class; java.base@17.0.2 (7 bytes) @ 0x0000021cbe7a44e4 [0x0000021cbe7a44a0+0x0000000000000044]
v  ~StubRoutines::call_stub
J 888  java.lang.Class.forName0(Ljava/lang/String;ZLjava/lang/ClassLoader;Ljava/lang/Class;)Ljava/lang/Class; java.base@17.0.2 (0 bytes) @ 0x0000021cbe6bc1af [0x0000021cbe6bc120+0x000000000000008f]
J 891 c1 java.lang.Class.forName(Ljava/lang/String;ZLjava/lang/ClassLoader;)Ljava/lang/Class; java.base@17.0.2 (47 bytes) @ 0x0000021cbe6bd1b4 [0x0000021cbe6bd0c0+0x00000000000000f4]
J 2411 c1 org.springframework.util.ClassUtils.forName(Ljava/lang/String;Ljava/lang/ClassLoader;)Ljava/lang/Class; (247 bytes) @ 0x0000021cbe9a466c [0x0000021cbe9a43e0+0x000000000000028c]
j  org.springframework.beans.factory.support.AbstractBeanDefinition.resolveBeanClass(Ljava/lang/ClassLoader;)Ljava/lang/Class;+13
j  org.springframework.beans.factory.support.AbstractBeanFactory.doResolveBeanClass(Lorg/springframework/beans/factory/support/RootBeanDefinition;[Ljava/lang/Class;)Ljava/lang/Class;+280
j  org.springframework.beans.factory.support.AbstractBeanFactory.resolveBeanClass(Lorg/springframework/beans/factory/support/RootBeanDefinition;Ljava/lang/String;[Ljava/lang/Class;)Ljava/lang/Class;+40
j  org.springframework.beans.factory.support.AbstractAutowireCapableBeanFactory.determineTargetType(Ljava/lang/String;Lorg/springframework/beans/factory/support/RootBeanDefinition;[Ljava/lang/Class;)Ljava/lang/Class;+32
j  org.springframework.beans.factory.support.AbstractAutowireCapableBeanFactory.predictBeanType(Ljava/lang/String;Lorg/springframework/beans/factory/support/RootBeanDefinition;[Ljava/lang/Class;)Ljava/lang/Class;+4
J 2805 c1 org.springframework.beans.factory.support.AbstractBeanFactory.isFactoryBean(Ljava/lang/String;Lorg/springframework/beans/factory/support/RootBeanDefinition;)Z (60 bytes) @ 0x0000021cbea54164 [0x0000021cbea53fe0+0x0000000000000184]
j  org.springframework.beans.factory.support.DefaultListableBeanFactory.doGetBeanNamesForType(Lorg/springframework/core/ResolvableType;ZZ)[Ljava/lang/String;+111
j  org.springframework.beans.factory.support.DefaultListableBeanFactory.getBeanNamesForType(Ljava/lang/Class;ZZ)[Ljava/lang/String;+22
j  org.springframework.boot.autoconfigure.condition.OnBeanCondition.collectBeanNamesForType(Lorg/springframework/beans/factory/ListableBeanFactory;ZLjava/lang/Class;Ljava/util/Set;Ljava/util/Set;)Ljava/util/Set;+6
j  org.springframework.boot.autoconfigure.condition.OnBeanCondition.getBeanNamesForType(Lorg/springframework/beans/factory/ListableBeanFactory;ZLjava/lang/Class;Ljava/util/Set;)Ljava/util/Set;+7
j  org.springframework.boot.autoconfigure.condition.OnBeanCondition.getBeanNamesForType(Ljava/lang/ClassLoader;ZLorg/springframework/beans/factory/ListableBeanFactory;Ljava/lang/String;Ljava/util/Set;)Ljava/util/Set;+11
j  org.springframework.boot.autoconfigure.condition.OnBeanCondition.getMatchingBeans(Lorg/springframework/context/annotation/ConditionContext;Lorg/springframework/boot/autoconfigure/condition/OnBeanCondition$Spec;)Lorg/springframework/boot/autoconfigure/condition/OnBeanCondition$MatchResult;+143
j  org.springframework.boot.autoconfigure.condition.OnBeanCondition.getMatchOutcome(Lorg/springframework/context/annotation/ConditionContext;Lorg/springframework/core/type/AnnotatedTypeMetadata;)Lorg/springframework/boot/autoconfigure/condition/ConditionOutcome;+43
j  org.springframework.boot.autoconfigure.condition.SpringBootCondition.matches(Lorg/springframework/context/annotation/ConditionContext;Lorg/springframework/core/type/AnnotatedTypeMetadata;)Z+8
j  org.springframework.context.annotation.ConditionEvaluator.shouldSkip(Lorg/springframework/core/type/AnnotatedTypeMetadata;Lorg/springframework/context/annotation/ConfigurationCondition$ConfigurationPhase;)Z+235
j  org.springframework.context.annotation.ConfigurationClassBeanDefinitionReader.loadBeanDefinitionsForBeanMethod(Lorg/springframework/context/annotation/BeanMethod;)V+26
j  org.springframework.context.annotation.ConfigurationClassBeanDefinitionReader.loadBeanDefinitionsForConfigurationClass(Lorg/springframework/context/annotation/ConfigurationClass;Lorg/springframework/context/annotation/ConfigurationClassBeanDefinitionReader$TrackedConditionEvaluator;)V+107
j  org.springframework.context.annotation.ConfigurationClassBeanDefinitionReader.loadBeanDefinitions(Ljava/util/Set;)V+41
j  org.springframework.context.annotation.ConfigurationClassPostProcessor.processConfigBeanDefinitions(Lorg/springframework/beans/factory/support/BeanDefinitionRegistry;)V+386
j  org.springframework.context.annotation.ConfigurationClassPostProcessor.postProcessBeanDefinitionRegistry(Lorg/springframework/beans/factory/support/BeanDefinitionRegistry;)V+107
j  org.springframework.context.support.PostProcessorRegistrationDelegate.invokeBeanDefinitionRegistryPostProcessors(Ljava/util/Collection;Lorg/springframework/beans/factory/support/BeanDefinitionRegistry;Lorg/springframework/core/metrics/ApplicationStartup;)V+59
j  org.springframework.context.support.PostProcessorRegistrationDelegate.invokeBeanFactoryPostProcessors(Lorg/springframework/beans/factory/config/ConfigurableListableBeanFactory;Ljava/util/List;)V+235
j  org.springframework.context.support.AbstractApplicationContext.invokeBeanFactoryPostProcessors(Lorg/springframework/beans/factory/config/ConfigurableListableBeanFactory;)V+5
j  org.springframework.context.support.AbstractApplicationContext.refresh()V+53
j  org.springframework.boot.web.servlet.context.ServletWebServerApplicationContext.refresh()V+1
j  org.springframework.boot.SpringApplication.refresh(Lorg/springframework/context/ConfigurableApplicationContext;)V+1
j  org.springframework.boot.SpringApplication.refreshContext(Lorg/springframework/context/ConfigurableApplicationContext;)V+16
j  org.springframework.boot.SpringApplication.run([Ljava/lang/String;)Lorg/springframework/context/ConfigurableApplicationContext;+107
j  org.springframework.boot.SpringApplication.run([Ljava/lang/Class;[Ljava/lang/String;)Lorg/springframework/context/ConfigurableApplicationContext;+9
j  org.springframework.boot.SpringApplication.run(Ljava/lang/Class;[Ljava/lang/String;)Lorg/springframework/context/ConfigurableApplicationContext;+9
j  com.zhong.wiki.config.WikiApplication.main([Ljava/lang/String;)V+3
v  ~StubRoutines::call_stub
j  jdk.internal.reflect.NativeMethodAccessorImpl.invoke0(Ljava/lang/reflect/Method;Ljava/lang/Object;[Ljava/lang/Object;)Ljava/lang/Object;+0 java.base@17.0.2
j  jdk.internal.reflect.NativeMethodAccessorImpl.invoke(Ljava/lang/Object;[Ljava/lang/Object;)Ljava/lang/Object;+133 java.base@17.0.2
j  jdk.internal.reflect.DelegatingMethodAccessorImpl.invoke(Ljava/lang/Object;[Ljava/lang/Object;)Ljava/lang/Object;+6 java.base@17.0.2
j  java.lang.reflect.Method.invoke(Ljava/lang/Object;[Ljava/lang/Object;)Ljava/lang/Object;+59 java.base@17.0.2
j  org.springframework.boot.devtools.restart.RestartLauncher.run()V+42
v  ~StubRoutines::call_stub

---------------  P R O C E S S  ---------------

Threads class SMR info:
_java_thread_list=0x0000021ccac1f7c0, length=20, elements={
0x0000021cb6b2c440, 0x0000021cc89431a0, 0x0000021cc89466c0, 0x0000021cc89611b0,
0x0000021cc8962be0, 0x0000021cc8963590, 0x0000021cc8963f40, 0x0000021cc89649a0,
0x0000021cc8969f70, 0x0000021cc9484450, 0x0000021cc9488940, 0x0000021cc9713070,
0x0000021cc9713540, 0x0000021cc97fea80, 0x0000021cc9c4f2a0, 0x0000021cc9c61010,
0x0000021cc9eb45f0, 0x0000021cc9f1f630, 0x0000021cca073980, 0x0000021cca074640
}

Java Threads: ( => current thread )
  0x0000021cb6b2c440 JavaThread "main" [_thread_blocked, id=7080, stack(0x0000009f7c600000,0x0000009f7c700000)]
  0x0000021cc89431a0 JavaThread "Reference Handler" daemon [_thread_blocked, id=9292, stack(0x0000009f7cd00000,0x0000009f7ce00000)]
  0x0000021cc89466c0 JavaThread "Finalizer" daemon [_thread_blocked, id=12604, stack(0x0000009f7ce00000,0x0000009f7cf00000)]
  0x0000021cc89611b0 JavaThread "Signal Dispatcher" daemon [_thread_blocked, id=7352, stack(0x0000009f7cf00000,0x0000009f7d000000)]
  0x0000021cc8962be0 JavaThread "Attach Listener" daemon [_thread_blocked, id=16188, stack(0x0000009f7d000000,0x0000009f7d100000)]
  0x0000021cc8963590 JavaThread "Service Thread" daemon [_thread_blocked, id=5692, stack(0x0000009f7d100000,0x0000009f7d200000)]
  0x0000021cc8963f40 JavaThread "Monitor Deflation Thread" daemon [_thread_blocked, id=8184, stack(0x0000009f7d200000,0x0000009f7d300000)]
  0x0000021cc89649a0 JavaThread "C1 CompilerThread0" daemon [_thread_blocked, id=11296, stack(0x0000009f7d300000,0x0000009f7d400000)]
  0x0000021cc8969f70 JavaThread "Sweeper thread" daemon [_thread_blocked, id=14556, stack(0x0000009f7d400000,0x0000009f7d500000)]
  0x0000021cc9484450 JavaThread "Common-Cleaner" daemon [_thread_blocked, id=152, stack(0x0000009f7d500000,0x0000009f7d600000)]
  0x0000021cc9488940 JavaThread "C1 CompilerThread1" daemon [_thread_blocked, id=880, stack(0x0000009f7d600000,0x0000009f7d700000)]
  0x0000021cc9713070 JavaThread "Monitor Ctrl-Break" daemon [_thread_in_native, id=15624, stack(0x0000009f7d700000,0x0000009f7d800000)]
  0x0000021cc9713540 JavaThread "Notification Thread" daemon [_thread_blocked, id=2540, stack(0x0000009f7d800000,0x0000009f7d900000)]
  0x0000021cc97fea80 JavaThread "C1 CompilerThread2" daemon [_thread_blocked, id=16152, stack(0x0000009f7d900000,0x0000009f7da00000)]
  0x0000021cc9c4f2a0 JavaThread "RMI TCP Accept-0" daemon [_thread_in_native, id=11236, stack(0x0000009f7da00000,0x0000009f7db00000)]
  0x0000021cc9c61010 JavaThread "C1 CompilerThread3" daemon [_thread_blocked, id=1960, stack(0x0000009f7dc00000,0x0000009f7dd00000)]
  0x0000021cc9eb45f0 JavaThread "Thread-0" [_thread_blocked, id=8908, stack(0x0000009f7dd00000,0x0000009f7de00000)]
=>0x0000021cc9f1f630 JavaThread "restartedMain" [_thread_in_vm, id=10700, stack(0x0000009f7de00000,0x0000009f7df00000)]
  0x0000021cca073980 JavaThread "RMI TCP Connection(1)-10.199.122.255" daemon [_thread_in_native, id=17388, stack(0x0000009f7e800000,0x0000009f7e900000)]
  0x0000021cca074640 JavaThread "RMI Scheduler(0)" daemon [_thread_blocked, id=13416, stack(0x0000009f7e900000,0x0000009f7ea00000)]

Other Threads:
  0x0000021cc893b130 VMThread "VM Thread" [stack: 0x0000009f7cc00000,0x0000009f7cd00000] [id=17044]
  0x0000021cc9bd1420 WatcherThread [stack: 0x0000009f7db00000,0x0000009f7dc00000] [id=14952]
  0x0000021cb6b6ba80 GCTaskThread "GC Thread#0" [stack: 0x0000009f7c700000,0x0000009f7c800000] [id=3920]
  0x0000021cc9f316e0 GCTaskThread "GC Thread#1" [stack: 0x0000009f7df00000,0x0000009f7e000000] [id=1232]
  0x0000021cc9f31990 GCTaskThread "GC Thread#2" [stack: 0x0000009f7e000000,0x0000009f7e100000] [id=9032]
  0x0000021cc9f31c40 GCTaskThread "GC Thread#3" [stack: 0x0000009f7e100000,0x0000009f7e200000] [id=5908]
  0x0000021cc9f6c430 GCTaskThread "GC Thread#4" [stack: 0x0000009f7e200000,0x0000009f7e300000] [id=1620]
  0x0000021cc9f6cf30 GCTaskThread "GC Thread#5" [stack: 0x0000009f7e300000,0x0000009f7e400000] [id=11464]
  0x0000021cc9f8e250 GCTaskThread "GC Thread#6" [stack: 0x0000009f7e400000,0x0000009f7e500000] [id=13276]
  0x0000021cc9f8e500 GCTaskThread "GC Thread#7" [stack: 0x0000009f7e500000,0x0000009f7e600000] [id=6880]
  0x0000021cb6b7c3c0 ConcurrentGCThread "G1 Main Marker" [stack: 0x0000009f7c800000,0x0000009f7c900000] [id=10312]
  0x0000021cb6b7cdd0 ConcurrentGCThread "G1 Conc#0" [stack: 0x0000009f7c900000,0x0000009f7ca00000] [id=11992]
  0x0000021cb6be4700 ConcurrentGCThread "G1 Refine#0" [stack: 0x0000009f7ca00000,0x0000009f7cb00000] [id=1764]
  0x0000021cc9f94ba0 ConcurrentGCThread "G1 Refine#1" [stack: 0x0000009f7e600000,0x0000009f7e700000] [id=14848]
  0x0000021cc9631d40 ConcurrentGCThread "G1 Refine#2" [stack: 0x0000009f7e700000,0x0000009f7e800000] [id=1604]
  0x0000021cb6be5120 ConcurrentGCThread "G1 Service" [stack: 0x0000009f7cb00000,0x0000009f7cc00000] [id=16480]

Threads with active compile tasks:

VM state: not at safepoint (normal execution)

VM Mutex/Monitor currently owned by a thread:  ([mutex/lock_event])
[0x0000021cb6b26860] Metaspace_lock - owner thread: 0x0000021cc9f1f630

Heap address: 0x0000000083000000, size: 2000 MB, Compressed Oops mode: 32-bit

CDS archive(s) mapped at: [0x0000000800000000-0x0000000800bc0000-0x0000000800bc0000), size 12320768, SharedBaseAddress: 0x0000000800000000, ArchiveRelocationMode: 0.
Compressed class space mapped at: 0x0000000800c00000-0x0000000840c00000, reserved size: 1073741824
Narrow klass base: 0x0000000800000000, Narrow klass shift: 0, Narrow klass range: 0x100000000

GC Precious Log:
 CPUs: 8 total, 8 available
 Memory: 7999M
 Large Page Support: Disabled
 NUMA Support: Disabled
 Compressed Oops: Enabled (32-bit)
 Heap Region Size: 1M
 Heap Min Capacity: 8M
 Heap Initial Capacity: 126M
 Heap Max Capacity: 2000M
 Pre-touch: Disabled
 Parallel Workers: 8
 Concurrent Workers: 2
 Concurrent Refinement Workers: 8
 Periodic GC: Disabled

Heap:
 garbage-first heap   total 129024K, used 40705K [0x0000000083000000, 0x0000000100000000)
  region size 1024K, 36 young (36864K), 2 survivors (2048K)
 Metaspace       used 18087K, committed 18368K, reserved 1064960K
  class space    used 2414K, committed 2496K, reserved 1048576K

Heap Regions: E=young(eden), S=young(survivor), O=old, HS=humongous(starts), HC=humongous(continues), CS=collection set, F=free, OA=open archive, CA=closed archive, TAMS=top-at-mark-start (previous, next)
|   0|0x0000000083000000, 0x0000000083100000, 0x0000000083100000|100%| O|  |TAMS 0x0000000083000000, 0x0000000083000000| Untracked 
|   1|0x0000000083100000, 0x0000000083200000, 0x0000000083200000|100%| O|  |TAMS 0x0000000083100000, 0x0000000083100000| Untracked 
|   2|0x0000000083200000, 0x0000000083300000, 0x0000000083300000|100%| O|  |TAMS 0x0000000083200000, 0x0000000083200000| Untracked 
|   3|0x0000000083300000, 0x0000000083400000, 0x0000000083400000|100%| O|  |TAMS 0x0000000083300000, 0x0000000083300000| Untracked 
|   4|0x0000000083400000, 0x0000000083500000, 0x0000000083500000|100%| O|  |TAMS 0x0000000083400000, 0x0000000083400000| Untracked 
|   5|0x0000000083500000, 0x00000000835d0800, 0x0000000083600000| 81%| O|  |TAMS 0x0000000083500000, 0x0000000083500000| Untracked 
|   6|0x0000000083600000, 0x0000000083600000, 0x0000000083700000|  0%| F|  |TAMS 0x0000000083600000, 0x0000000083600000| Untracked 
|   7|0x0000000083700000, 0x0000000083700000, 0x0000000083800000|  0%| F|  |TAMS 0x0000000083700000, 0x0000000083700000| Untracked 
|   8|0x0000000083800000, 0x0000000083800000, 0x0000000083900000|  0%| F|  |TAMS 0x0000000083800000, 0x0000000083800000| Untracked 
|   9|0x0000000083900000, 0x0000000083900000, 0x0000000083a00000|  0%| F|  |TAMS 0x0000000083900000, 0x0000000083900000| Untracked 
|  10|0x0000000083a00000, 0x0000000083a00000, 0x0000000083b00000|  0%| F|  |TAMS 0x0000000083a00000, 0x0000000083a00000| Untracked 
|  11|0x0000000083b00000, 0x0000000083b00000, 0x0000000083c00000|  0%| F|  |TAMS 0x0000000083b00000, 0x0000000083b00000| Untracked 
|  12|0x0000000083c00000, 0x0000000083c00000, 0x0000000083d00000|  0%| F|  |TAMS 0x0000000083c00000, 0x0000000083c00000| Untracked 
|  13|0x0000000083d00000, 0x0000000083d00000, 0x0000000083e00000|  0%| F|  |TAMS 0x0000000083d00000, 0x0000000083d00000| Untracked 
|  14|0x0000000083e00000, 0x0000000083e00000, 0x0000000083f00000|  0%| F|  |TAMS 0x0000000083e00000, 0x0000000083e00000| Untracked 
|  15|0x0000000083f00000, 0x0000000083f00000, 0x0000000084000000|  0%| F|  |TAMS 0x0000000083f00000, 0x0000000083f00000| Untracked 
|  16|0x0000000084000000, 0x0000000084000000, 0x0000000084100000|  0%| F|  |TAMS 0x0000000084000000, 0x0000000084000000| Untracked 
|  17|0x0000000084100000, 0x0000000084100000, 0x0000000084200000|  0%| F|  |TAMS 0x0000000084100000, 0x0000000084100000| Untracked 
|  18|0x0000000084200000, 0x0000000084200000, 0x0000000084300000|  0%| F|  |TAMS 0x0000000084200000, 0x0000000084200000| Untracked 
|  19|0x0000000084300000, 0x0000000084300000, 0x0000000084400000|  0%| F|  |TAMS 0x0000000084300000, 0x0000000084300000| Untracked 
|  20|0x0000000084400000, 0x0000000084400000, 0x0000000084500000|  0%| F|  |TAMS 0x0000000084400000, 0x0000000084400000| Untracked 
|  21|0x0000000084500000, 0x0000000084500000, 0x0000000084600000|  0%| F|  |TAMS 0x0000000084500000, 0x0000000084500000| Untracked 
|  22|0x0000000084600000, 0x0000000084600000, 0x0000000084700000|  0%| F|  |TAMS 0x0000000084600000, 0x0000000084600000| Untracked 
|  23|0x0000000084700000, 0x0000000084700000, 0x0000000084800000|  0%| F|  |TAMS 0x0000000084700000, 0x0000000084700000| Untracked 
|  24|0x0000000084800000, 0x0000000084800000, 0x0000000084900000|  0%| F|  |TAMS 0x0000000084800000, 0x0000000084800000| Untracked 
|  25|0x0000000084900000, 0x0000000084900000, 0x0000000084a00000|  0%| F|  |TAMS 0x0000000084900000, 0x0000000084900000| Untracked 
|  26|0x0000000084a00000, 0x0000000084a00000, 0x0000000084b00000|  0%| F|  |TAMS 0x0000000084a00000, 0x0000000084a00000| Untracked 
|  27|0x0000000084b00000, 0x0000000084b00000, 0x0000000084c00000|  0%| F|  |TAMS 0x0000000084b00000, 0x0000000084b00000| Untracked 
|  28|0x0000000084c00000, 0x0000000084c00000, 0x0000000084d00000|  0%| F|  |TAMS 0x0000000084c00000, 0x0000000084c00000| Untracked 
|  29|0x0000000084d00000, 0x0000000084d00000, 0x0000000084e00000|  0%| F|  |TAMS 0x0000000084d00000, 0x0000000084d00000| Untracked 
|  30|0x0000000084e00000, 0x0000000084e00000, 0x0000000084f00000|  0%| F|  |TAMS 0x0000000084e00000, 0x0000000084e00000| Untracked 
|  31|0x0000000084f00000, 0x0000000084f00000, 0x0000000085000000|  0%| F|  |TAMS 0x0000000084f00000, 0x0000000084f00000| Untracked 
|  32|0x0000000085000000, 0x0000000085000000, 0x0000000085100000|  0%| F|  |TAMS 0x0000000085000000, 0x0000000085000000| Untracked 
|  33|0x0000000085100000, 0x0000000085100000, 0x0000000085200000|  0%| F|  |TAMS 0x0000000085100000, 0x0000000085100000| Untracked 
|  34|0x0000000085200000, 0x0000000085200000, 0x0000000085300000|  0%| F|  |TAMS 0x0000000085200000, 0x0000000085200000| Untracked 
|  35|0x0000000085300000, 0x0000000085300000, 0x0000000085400000|  0%| F|  |TAMS 0x0000000085300000, 0x0000000085300000| Untracked 
|  36|0x0000000085400000, 0x0000000085400000, 0x0000000085500000|  0%| F|  |TAMS 0x0000000085400000, 0x0000000085400000| Untracked 
|  37|0x0000000085500000, 0x0000000085500000, 0x0000000085600000|  0%| F|  |TAMS 0x0000000085500000, 0x0000000085500000| Untracked 
|  38|0x0000000085600000, 0x0000000085600000, 0x0000000085700000|  0%| F|  |TAMS 0x0000000085600000, 0x0000000085600000| Untracked 
|  39|0x0000000085700000, 0x0000000085700000, 0x0000000085800000|  0%| F|  |TAMS 0x0000000085700000, 0x0000000085700000| Untracked 
|  40|0x0000000085800000, 0x0000000085800000, 0x0000000085900000|  0%| F|  |TAMS 0x0000000085800000, 0x0000000085800000| Untracked 
|  41|0x0000000085900000, 0x0000000085900000, 0x0000000085a00000|  0%| F|  |TAMS 0x0000000085900000, 0x0000000085900000| Untracked 
|  42|0x0000000085a00000, 0x0000000085a00000, 0x0000000085b00000|  0%| F|  |TAMS 0x0000000085a00000, 0x0000000085a00000| Untracked 
|  43|0x0000000085b00000, 0x0000000085b00000, 0x0000000085c00000|  0%| F|  |TAMS 0x0000000085b00000, 0x0000000085b00000| Untracked 
|  44|0x0000000085c00000, 0x0000000085c00000, 0x0000000085d00000|  0%| F|  |TAMS 0x0000000085c00000, 0x0000000085c00000| Untracked 
|  45|0x0000000085d00000, 0x0000000085d00000, 0x0000000085e00000|  0%| F|  |TAMS 0x0000000085d00000, 0x0000000085d00000| Untracked 
|  46|0x0000000085e00000, 0x0000000085e00000, 0x0000000085f00000|  0%| F|  |TAMS 0x0000000085e00000, 0x0000000085e00000| Untracked 
|  47|0x0000000085f00000, 0x0000000085f00000, 0x0000000086000000|  0%| F|  |TAMS 0x0000000085f00000, 0x0000000085f00000| Untracked 
|  48|0x0000000086000000, 0x0000000086000000, 0x0000000086100000|  0%| F|  |TAMS 0x0000000086000000, 0x0000000086000000| Untracked 
|  49|0x0000000086100000, 0x0000000086100000, 0x0000000086200000|  0%| F|  |TAMS 0x0000000086100000, 0x0000000086100000| Untracked 
|  50|0x0000000086200000, 0x0000000086200000, 0x0000000086300000|  0%| F|  |TAMS 0x0000000086200000, 0x0000000086200000| Untracked 
|  51|0x0000000086300000, 0x0000000086300000, 0x0000000086400000|  0%| F|  |TAMS 0x0000000086300000, 0x0000000086300000| Untracked 
|  52|0x0000000086400000, 0x0000000086400000, 0x0000000086500000|  0%| F|  |TAMS 0x0000000086400000, 0x0000000086400000| Untracked 
|  53|0x0000000086500000, 0x0000000086500000, 0x0000000086600000|  0%| F|  |TAMS 0x0000000086500000, 0x0000000086500000| Untracked 
|  54|0x0000000086600000, 0x0000000086600000, 0x0000000086700000|  0%| F|  |TAMS 0x0000000086600000, 0x0000000086600000| Untracked 
|  55|0x0000000086700000, 0x0000000086700000, 0x0000000086800000|  0%| F|  |TAMS 0x0000000086700000, 0x0000000086700000| Untracked 
|  56|0x0000000086800000, 0x0000000086800000, 0x0000000086900000|  0%| F|  |TAMS 0x0000000086800000, 0x0000000086800000| Untracked 
|  57|0x0000000086900000, 0x0000000086900000, 0x0000000086a00000|  0%| F|  |TAMS 0x0000000086900000, 0x0000000086900000| Untracked 
|  58|0x0000000086a00000, 0x0000000086a00000, 0x0000000086b00000|  0%| F|  |TAMS 0x0000000086a00000, 0x0000000086a00000| Untracked 
|  59|0x0000000086b00000, 0x0000000086b00000, 0x0000000086c00000|  0%| F|  |TAMS 0x0000000086b00000, 0x0000000086b00000| Untracked 
|  60|0x0000000086c00000, 0x0000000086c00000, 0x0000000086d00000|  0%| F|  |TAMS 0x0000000086c00000, 0x0000000086c00000| Untracked 
|  61|0x0000000086d00000, 0x0000000086d00000, 0x0000000086e00000|  0%| F|  |TAMS 0x0000000086d00000, 0x0000000086d00000| Untracked 
|  62|0x0000000086e00000, 0x0000000086e00000, 0x0000000086f00000|  0%| F|  |TAMS 0x0000000086e00000, 0x0000000086e00000| Untracked 
|  63|0x0000000086f00000, 0x0000000086f00000, 0x0000000087000000|  0%| F|  |TAMS 0x0000000086f00000, 0x0000000086f00000| Untracked 
|  64|0x0000000087000000, 0x0000000087000000, 0x0000000087100000|  0%| F|  |TAMS 0x0000000087000000, 0x0000000087000000| Untracked 
|  65|0x0000000087100000, 0x0000000087100000, 0x0000000087200000|  0%| F|  |TAMS 0x0000000087100000, 0x0000000087100000| Untracked 
|  66|0x0000000087200000, 0x0000000087200000, 0x0000000087300000|  0%| F|  |TAMS 0x0000000087200000, 0x0000000087200000| Untracked 
|  67|0x0000000087300000, 0x0000000087300000, 0x0000000087400000|  0%| F|  |TAMS 0x0000000087300000, 0x0000000087300000| Untracked 
|  68|0x0000000087400000, 0x0000000087400000, 0x0000000087500000|  0%| F|  |TAMS 0x0000000087400000, 0x0000000087400000| Untracked 
|  69|0x0000000087500000, 0x0000000087500000, 0x0000000087600000|  0%| F|  |TAMS 0x0000000087500000, 0x0000000087500000| Untracked 
|  70|0x0000000087600000, 0x0000000087600000, 0x0000000087700000|  0%| F|  |TAMS 0x0000000087600000, 0x0000000087600000| Untracked 
|  71|0x0000000087700000, 0x0000000087700000, 0x0000000087800000|  0%| F|  |TAMS 0x0000000087700000, 0x0000000087700000| Untracked 
|  72|0x0000000087800000, 0x0000000087800000, 0x0000000087900000|  0%| F|  |TAMS 0x0000000087800000, 0x0000000087800000| Untracked 
|  73|0x0000000087900000, 0x0000000087900000, 0x0000000087a00000|  0%| F|  |TAMS 0x0000000087900000, 0x0000000087900000| Untracked 
|  74|0x0000000087a00000, 0x0000000087a00000, 0x0000000087b00000|  0%| F|  |TAMS 0x0000000087a00000, 0x0000000087a00000| Untracked 
|  75|0x0000000087b00000, 0x0000000087b00000, 0x0000000087c00000|  0%| F|  |TAMS 0x0000000087b00000, 0x0000000087b00000| Untracked 
|  76|0x0000000087c00000, 0x0000000087c00000, 0x0000000087d00000|  0%| F|  |TAMS 0x0000000087c00000, 0x0000000087c00000| Untracked 
|  77|0x0000000087d00000, 0x0000000087d00000, 0x0000000087e00000|  0%| F|  |TAMS 0x0000000087d00000, 0x0000000087d00000| Untracked 
|  78|0x0000000087e00000, 0x0000000087e00000, 0x0000000087f00000|  0%| F|  |TAMS 0x0000000087e00000, 0x0000000087e00000| Untracked 
|  79|0x0000000087f00000, 0x0000000087f00000, 0x0000000088000000|  0%| F|  |TAMS 0x0000000087f00000, 0x0000000087f00000| Untracked 
|  80|0x0000000088000000, 0x0000000088000000, 0x0000000088100000|  0%| F|  |TAMS 0x0000000088000000, 0x0000000088000000| Untracked 
|  81|0x0000000088100000, 0x0000000088100000, 0x0000000088200000|  0%| F|  |TAMS 0x0000000088100000, 0x0000000088100000| Untracked 
|  82|0x0000000088200000, 0x0000000088200000, 0x0000000088300000|  0%| F|  |TAMS 0x0000000088200000, 0x0000000088200000| Untracked 
|  83|0x0000000088300000, 0x0000000088300000, 0x0000000088400000|  0%| F|  |TAMS 0x0000000088300000, 0x0000000088300000| Untracked 
|  84|0x0000000088400000, 0x0000000088400000, 0x0000000088500000|  0%| F|  |TAMS 0x0000000088400000, 0x0000000088400000| Untracked 
|  85|0x0000000088500000, 0x0000000088500000, 0x0000000088600000|  0%| F|  |TAMS 0x0000000088500000, 0x0000000088500000| Untracked 
|  86|0x0000000088600000, 0x0000000088600000, 0x0000000088700000|  0%| F|  |TAMS 0x0000000088600000, 0x0000000088600000| Untracked 
|  87|0x0000000088700000, 0x0000000088700000, 0x0000000088800000|  0%| F|  |TAMS 0x0000000088700000, 0x0000000088700000| Untracked 
|  88|0x0000000088800000, 0x0000000088800000, 0x0000000088900000|  0%| F|  |TAMS 0x0000000088800000, 0x0000000088800000| Untracked 
|  89|0x0000000088900000, 0x0000000088900000, 0x0000000088a00000|  0%| F|  |TAMS 0x0000000088900000, 0x0000000088900000| Untracked 
|  90|0x0000000088a00000, 0x0000000088a80800, 0x0000000088b00000| 50%| E|  |TAMS 0x0000000088a00000, 0x0000000088a00000| Complete 
|  91|0x0000000088b00000, 0x0000000088c00000, 0x0000000088c00000|100%| E|CS|TAMS 0x0000000088b00000, 0x0000000088b00000| Complete 
|  92|0x0000000088c00000, 0x0000000088d00000, 0x0000000088d00000|100%| E|CS|TAMS 0x0000000088c00000, 0x0000000088c00000| Complete 
|  93|0x0000000088d00000, 0x0000000088e00000, 0x0000000088e00000|100%| E|CS|TAMS 0x0000000088d00000, 0x0000000088d00000| Complete 
|  94|0x0000000088e00000, 0x0000000088f00000, 0x0000000088f00000|100%| E|CS|TAMS 0x0000000088e00000, 0x0000000088e00000| Complete 
|  95|0x0000000088f00000, 0x0000000089000000, 0x0000000089000000|100%| E|CS|TAMS 0x0000000088f00000, 0x0000000088f00000| Complete 
|  96|0x0000000089000000, 0x0000000089100000, 0x0000000089100000|100%| E|CS|TAMS 0x0000000089000000, 0x0000000089000000| Complete 
|  97|0x0000000089100000, 0x0000000089200000, 0x0000000089200000|100%| E|CS|TAMS 0x0000000089100000, 0x0000000089100000| Complete 
|  98|0x0000000089200000, 0x0000000089300000, 0x0000000089300000|100%| E|CS|TAMS 0x0000000089200000, 0x0000000089200000| Complete 
|  99|0x0000000089300000, 0x00000000893efce0, 0x0000000089400000| 93%| S|CS|TAMS 0x0000000089300000, 0x0000000089300000| Complete 
| 100|0x0000000089400000, 0x0000000089500000, 0x0000000089500000|100%| E|CS|TAMS 0x0000000089400000, 0x0000000089400000| Complete 
| 101|0x0000000089500000, 0x0000000089600000, 0x0000000089600000|100%| E|CS|TAMS 0x0000000089500000, 0x0000000089500000| Complete 
| 102|0x0000000089600000, 0x0000000089700000, 0x0000000089700000|100%| E|CS|TAMS 0x0000000089600000, 0x0000000089600000| Complete 
| 103|0x0000000089700000, 0x0000000089800000, 0x0000000089800000|100%| S|CS|TAMS 0x0000000089700000, 0x0000000089700000| Complete 
| 104|0x0000000089800000, 0x0000000089900000, 0x0000000089900000|100%| E|CS|TAMS 0x0000000089800000, 0x0000000089800000| Complete 
| 105|0x0000000089900000, 0x0000000089a00000, 0x0000000089a00000|100%| E|CS|TAMS 0x0000000089900000, 0x0000000089900000| Complete 
| 106|0x0000000089a00000, 0x0000000089b00000, 0x0000000089b00000|100%| E|CS|TAMS 0x0000000089a00000, 0x0000000089a00000| Complete 
| 107|0x0000000089b00000, 0x0000000089c00000, 0x0000000089c00000|100%| E|CS|TAMS 0x0000000089b00000, 0x0000000089b00000| Complete 
| 108|0x0000000089c00000, 0x0000000089d00000, 0x0000000089d00000|100%| E|CS|TAMS 0x0000000089c00000, 0x0000000089c00000| Complete 
| 109|0x0000000089d00000, 0x0000000089e00000, 0x0000000089e00000|100%| E|CS|TAMS 0x0000000089d00000, 0x0000000089d00000| Complete 
| 110|0x0000000089e00000, 0x0000000089f00000, 0x0000000089f00000|100%| E|CS|TAMS 0x0000000089e00000, 0x0000000089e00000| Complete 
| 111|0x0000000089f00000, 0x000000008a000000, 0x000000008a000000|100%| E|CS|TAMS 0x0000000089f00000, 0x0000000089f00000| Complete 
| 112|0x000000008a000000, 0x000000008a100000, 0x000000008a100000|100%| E|CS|TAMS 0x000000008a000000, 0x000000008a000000| Complete 
| 113|0x000000008a100000, 0x000000008a200000, 0x000000008a200000|100%| E|CS|TAMS 0x000000008a100000, 0x000000008a100000| Complete 
| 114|0x000000008a200000, 0x000000008a300000, 0x000000008a300000|100%| E|CS|TAMS 0x000000008a200000, 0x000000008a200000| Complete 
| 115|0x000000008a300000, 0x000000008a400000, 0x000000008a400000|100%| E|CS|TAMS 0x000000008a300000, 0x000000008a300000| Complete 
| 116|0x000000008a400000, 0x000000008a500000, 0x000000008a500000|100%| E|CS|TAMS 0x000000008a400000, 0x000000008a400000| Complete 
| 117|0x000000008a500000, 0x000000008a600000, 0x000000008a600000|100%| E|CS|TAMS 0x000000008a500000, 0x000000008a500000| Complete 
| 118|0x000000008a600000, 0x000000008a700000, 0x000000008a700000|100%| E|CS|TAMS 0x000000008a600000, 0x000000008a600000| Complete 
| 119|0x000000008a700000, 0x000000008a800000, 0x000000008a800000|100%| E|CS|TAMS 0x000000008a700000, 0x000000008a700000| Complete 
| 120|0x000000008a800000, 0x000000008a8ff828, 0x000000008a900000| 99%| E|  |TAMS 0x000000008a800000, 0x000000008a800000| Complete 
| 121|0x000000008a900000, 0x000000008aa00000, 0x000000008aa00000|100%| E|CS|TAMS 0x000000008a900000, 0x000000008a900000| Complete 
| 122|0x000000008aa00000, 0x000000008ab00000, 0x000000008ab00000|100%| E|CS|TAMS 0x000000008aa00000, 0x000000008aa00000| Complete 
| 123|0x000000008ab00000, 0x000000008ac00000, 0x000000008ac00000|100%| E|CS|TAMS 0x000000008ab00000, 0x000000008ab00000| Complete 
| 124|0x000000008ac00000, 0x000000008ad00000, 0x000000008ad00000|100%| E|CS|TAMS 0x000000008ac00000, 0x000000008ac00000| Complete 
| 125|0x000000008ad00000, 0x000000008ae00000, 0x000000008ae00000|100%| E|CS|TAMS 0x000000008ad00000, 0x000000008ad00000| Complete 

Card table byte_map: [0x0000021cc1860000,0x0000021cc1c50000] _byte_map_base: 0x0000021cc1448000

Marking Bits (Prev, Next): (CMBitMap*) 0x0000021cb6b6c090, (CMBitMap*) 0x0000021cb6b6c0d0
 Prev Bits: [0x0000021cc2040000, 0x0000021cc3f80000)
 Next Bits: [0x0000021cc3f80000, 0x0000021cc5ec0000)

Polling page: 0x0000021cb4840000

Metaspace:

Usage:
  Non-class:     15.30 MB used.
      Class:      2.36 MB used.
       Both:     17.66 MB used.

Virtual space:
  Non-class space:       16.00 MB reserved,      15.50 MB ( 97%) committed,  2 nodes.
      Class space:        1.00 GB reserved,       2.44 MB ( <1%) committed,  1 nodes.
             Both:        1.02 GB reserved,      17.94 MB (  2%) committed. 

Chunk freelists:
   Non-Class:  550.00 KB
       Class:  1.36 MB
        Both:  1.90 MB

MaxMetaspaceSize: unlimited
CompressedClassSpaceSize: 1.00 GB
Initial GC threshold: 21.00 MB
Current GC threshold: 21.00 MB
CDS: on
MetaspaceReclaimPolicy: balanced
 - commit_granule_bytes: 65536.
 - commit_granule_words: 8192.
 - virtual_space_node_default_size: 1048576.
 - enlarge_chunks_in_place: 1.
 - new_chunks_are_fully_committed: 0.
 - uncommit_free_chunks: 1.
 - use_allocation_guard: 0.
 - handle_deallocations: 1.


Internal statistics:

num_allocs_failed_limit: 0.
num_arena_births: 316.
num_arena_deaths: 0.
num_vsnodes_births: 3.
num_vsnodes_deaths: 0.
num_space_committed: 287.
num_space_uncommitted: 0.
num_chunks_returned_to_freelist: 0.
num_chunks_taken_from_freelist: 835.
num_chunk_merges: 0.
num_chunk_splits: 542.
num_chunks_enlarged: 370.
num_purges: 0.
num_inconsistent_stats: 0.

CodeCache: size=49152Kb used=7146Kb max_used=7146Kb free=42005Kb
 bounds [0x0000021cbe360000, 0x0000021cbea60000, 0x0000021cc1360000]
 total_blobs=3298 nmethods=2811 adapters=411
 compilation: enabled
              stopped_count=0, restarted_count=0
 full_count=0

Compilation events (20 events):
Event: 3.130 Thread 0x0000021cc97fea80 nmethod 2803 0x0000021cbea52d90 code [0x0000021cbea52f20, 0x0000021cbea53038]
Event: 3.130 Thread 0x0000021cc97fea80 2805       1       org.springframework.beans.factory.support.AbstractBeanFactory::isFactoryBean (60 bytes)
Event: 3.130 Thread 0x0000021cc9c61010 nmethod 2796 0x0000021cbea53090 code [0x0000021cbea532c0, 0x0000021cbea53b38]
Event: 3.130 Thread 0x0000021cc97fea80 nmethod 2805 0x0000021cbea53e10 code [0x0000021cbea53fe0, 0x0000021cbea54338]
Event: 3.130 Thread 0x0000021cc9c61010 2801       1       org.springframework.core.type.AnnotatedTypeMetadata::lambda$getAllAnnotationAttributes$0 (15 bytes)
Event: 3.130 Thread 0x0000021cc97fea80 2806       1       org.springframework.core.ResolvableType$1::isAssignableFrom (24 bytes)
Event: 3.130 Thread 0x0000021cc9c61010 nmethod 2801 0x0000021cbea55410 code [0x0000021cbea555a0, 0x0000021cbea556c8]
Event: 3.130 Thread 0x0000021cc89649a0 nmethod 2798 0x0000021cbea54490 code [0x0000021cbea54700, 0x0000021cbea54ff8]
Event: 3.130 Thread 0x0000021cc97fea80 nmethod 2806 0x0000021cbea55810 code [0x0000021cbea559a0, 0x0000021cbea55aa8]
Event: 3.131 Thread 0x0000021cc89649a0 2807       1       org.springframework.core.annotation.AttributeMethods::assertAnnotation (22 bytes)
Event: 3.132 Thread 0x0000021cc9488940 nmethod 2804 0x0000021cbea55b10 code [0x0000021cbea55fa0, 0x0000021cbea57808]
Event: 3.132 Thread 0x0000021cc89649a0 nmethod 2807 0x0000021cbea58610 code [0x0000021cbea587e0, 0x0000021cbea58a28]
Event: 3.132 Thread 0x0000021cc89649a0 2808       1       org.springframework.beans.factory.support.AbstractBeanFactory::getBeanPostProcessorCache (140 bytes)
Event: 3.132 Thread 0x0000021cc9c61010 2809       1       org.springframework.beans.factory.support.AbstractAutowireCapableBeanFactory::predictBeanType (126 bytes)
Event: 3.132 Thread 0x0000021cc9488940 2811       1       org.springframework.beans.factory.support.RootBeanDefinition::getTargetType (30 bytes)
Event: 3.132 Thread 0x0000021cc97fea80 2810       1       org.springframework.beans.factory.support.AbstractAutowireCapableBeanFactory::determineTargetType (60 bytes)
Event: 3.132 Thread 0x0000021cc9488940 nmethod 2811 0x0000021cbea58c10 code [0x0000021cbea58da0, 0x0000021cbea58ed8]
Event: 3.132 Thread 0x0000021cc89649a0 nmethod 2808 0x0000021cbea58f90 code [0x0000021cbea591c0, 0x0000021cbea59838]
Event: 3.132 Thread 0x0000021cc97fea80 nmethod 2810 0x0000021cbea59a10 code [0x0000021cbea59bc0, 0x0000021cbea59e18]
Event: 3.132 Thread 0x0000021cc9c61010 nmethod 2809 0x0000021cbea5a010 code [0x0000021cbea5a240, 0x0000021cbea5a668]

GC Heap History (4 events):
Event: 1.924 GC heap before
{Heap before GC invocations=0 (full 0):
 garbage-first heap   total 129024K, used 23552K [0x0000000083000000, 0x0000000100000000)
  region size 1024K, 23 young (23552K), 0 survivors (0K)
 Metaspace       used 7632K, committed 7808K, reserved 1056768K
  class space    used 938K, committed 1024K, reserved 1048576K
}
Event: 1.928 GC heap after
{Heap after GC invocations=1 (full 0):
 garbage-first heap   total 129024K, used 5701K [0x0000000083000000, 0x0000000100000000)
  region size 1024K, 3 young (3072K), 3 survivors (3072K)
 Metaspace       used 7632K, committed 7808K, reserved 1056768K
  class space    used 938K, committed 1024K, reserved 1048576K
}
Event: 2.735 GC heap before
{Heap before GC invocations=1 (full 0):
 garbage-first heap   total 129024K, used 27205K [0x0000000083000000, 0x0000000100000000)
  region size 1024K, 25 young (25600K), 3 survivors (3072K)
 Metaspace       used 13606K, committed 13888K, reserved 1064960K
  class space    used 1803K, committed 1920K, reserved 1048576K
}
Event: 2.743 GC heap after
{Heap after GC invocations=2 (full 0):
 garbage-first heap   total 129024K, used 7937K [0x0000000083000000, 0x0000000100000000)
  region size 1024K, 2 young (2048K), 2 survivors (2048K)
 Metaspace       used 13606K, committed 13888K, reserved 1064960K
  class space    used 1803K, committed 1920K, reserved 1048576K
}

Deoptimization events (4 events):
Event: 1.722 Thread 0x0000021cb6b2c440 DEOPT PACKING pc=0x0000021cbe5a2a75 sp=0x0000009f7c6fd650
Event: 1.722 Thread 0x0000021cb6b2c440 DEOPT UNPACKING pc=0x0000021cbe3b2b43 sp=0x0000009f7c6fcaa8 mode 3
Event: 2.756 Thread 0x0000021cc9f1f630 DEOPT PACKING pc=0x0000021cbe920719 sp=0x0000009f7defc810
Event: 2.756 Thread 0x0000021cc9f1f630 DEOPT UNPACKING pc=0x0000021cbe3b2b43 sp=0x0000009f7defbcf0 mode 3

Classes unloaded (0 events):
No events

Classes redefined (0 events):
No events

Internal exceptions (20 events):
Event: 2.816 Thread 0x0000021cc9f1f630 Exception <a 'java/lang/ClassNotFoundException'{0x000000008a321580}: org/springframework/beans/factory/support/BeanDefinitionRegistryPostProcessorCustomizer> (0x000000008a321580) 
thrown [t:\workspace\open\src\hotspot\share\classfile\systemDictionary.cpp, line 256]
Event: 2.816 Thread 0x0000021cc9f1f630 Exception <a 'java/lang/ClassNotFoundException'{0x000000008a326ee0}: org/springframework/beans/factory/config/BeanFactoryPostProcessorCustomizer> (0x000000008a326ee0) 
thrown [t:\workspace\open\src\hotspot\share\classfile\systemDictionary.cpp, line 256]
Event: 2.816 Thread 0x0000021cca0a38e0 Exception <a 'java/lang/NoSuchMethodError'{0x000000008a3a5640}: 'long java.lang.invoke.DirectMethodHandle$Holder.invokeStatic(java.lang.Object, java.lang.Object)'> (0x000000008a3a5640) 
thrown [t:\workspace\open\src\hotspot\share\interpreter\linkResolver.cpp, line 766]
Event: 2.816 Thread 0x0000021cc9f1f630 Exception <a 'java/lang/ClassNotFoundException'{0x000000008a32c4d8}: org/springframework/core/PriorityOrderedCustomizer> (0x000000008a32c4d8) 
thrown [t:\workspace\open\src\hotspot\share\classfile\systemDictionary.cpp, line 256]
Event: 2.816 Thread 0x0000021cca0a38e0 Exception <a 'java/lang/NoSuchMethodError'{0x000000008a3a8c40}: 'long java.lang.invoke.DirectMethodHandle$Holder.invokeStaticInit(java.lang.Object, java.lang.Object)'> (0x000000008a3a8c40) 
thrown [t:\workspace\open\src\hotspot\share\interpreter\linkResolver.cpp, line 766]
Event: 2.816 Thread 0x0000021cc9f1f630 Exception <a 'java/lang/ClassNotFoundException'{0x000000008a3306b8}: org/springframework/core/OrderedCustomizer> (0x000000008a3306b8) 
thrown [t:\workspace\open\src\hotspot\share\classfile\systemDictionary.cpp, line 256]
Event: 2.817 Thread 0x0000021cc9f1f630 Exception <a 'java/lang/ClassNotFoundException'{0x000000008a335bb0}: org/springframework/context/ResourceLoaderAwareCustomizer> (0x000000008a335bb0) 
thrown [t:\workspace\open\src\hotspot\share\classfile\systemDictionary.cpp, line 256]
Event: 2.817 Thread 0x0000021cc9f1f630 Exception <a 'java/lang/ClassNotFoundException'{0x000000008a33b1a0}: org/springframework/beans/factory/AwareCustomizer> (0x000000008a33b1a0) 
thrown [t:\workspace\open\src\hotspot\share\classfile\systemDictionary.cpp, line 256]
Event: 2.817 Thread 0x0000021cc9f1f630 Exception <a 'java/lang/ClassNotFoundException'{0x000000008a33f7d0}: org/springframework/context/ApplicationStartupAwareCustomizer> (0x000000008a33f7d0) 
thrown [t:\workspace\open\src\hotspot\share\classfile\systemDictionary.cpp, line 256]
Event: 2.817 Thread 0x0000021cc9f1f630 Exception <a 'java/lang/ClassNotFoundException'{0x000000008a345048}: org/springframework/beans/factory/AwareCustomizer> (0x000000008a345048) 
thrown [t:\workspace\open\src\hotspot\share\classfile\systemDictionary.cpp, line 256]
Event: 2.818 Thread 0x0000021cc9f1f630 Exception <a 'java/lang/ClassNotFoundException'{0x000000008a349710}: org/springframework/beans/factory/BeanClassLoaderAwareCustomizer> (0x000000008a349710) 
thrown [t:\workspace\open\src\hotspot\share\classfile\systemDictionary.cpp, line 256]
Event: 2.818 Thread 0x0000021cc9f1f630 Exception <a 'java/lang/ClassNotFoundException'{0x000000008a34ece8}: org/springframework/beans/factory/AwareCustomizer> (0x000000008a34ece8) 
thrown [t:\workspace\open\src\hotspot\share\classfile\systemDictionary.cpp, line 256]
Event: 2.818 Thread 0x0000021cca0a38e0 Exception <a 'java/lang/NoSuchMethodError'{0x000000008a3d0338}: 'long java.lang.invoke.DirectMethodHandle$Holder.invokeInterface(java.lang.Object, java.lang.Object)'> (0x000000008a3d0338) 
thrown [t:\workspace\open\src\hotspot\share\interpreter\linkResolver.cpp, line 766]
Event: 2.818 Thread 0x0000021cc9f1f630 Exception <a 'java/lang/ClassNotFoundException'{0x000000008a353100}: org/springframework/context/EnvironmentAwareCustomizer> (0x000000008a353100) 
thrown [t:\workspace\open\src\hotspot\share\classfile\systemDictionary.cpp, line 256]
Event: 2.818 Thread 0x0000021cca0a38e0 Exception <a 'java/lang/IncompatibleClassChangeError'{0x000000008a3d38c8}: Found class java.lang.Object, but interface was expected> (0x000000008a3d38c8) 
thrown [t:\workspace\open\src\hotspot\share\interpreter\linkResolver.cpp, line 833]
Event: 2.818 Thread 0x0000021cc9f1f630 Exception <a 'java/lang/ClassNotFoundException'{0x000000008a358670}: org/springframework/beans/factory/AwareCustomizer> (0x000000008a358670) 
thrown [t:\workspace\open\src\hotspot\share\classfile\systemDictionary.cpp, line 256]
Event: 2.825 Thread 0x0000021cca0a38e0 Exception <a 'java/lang/NoSuchMethodError'{0x000000008a2bb8b0}: 'java.lang.Object java.lang.invoke.DirectMethodHandle$Holder.invokeVirtual(java.lang.Object, java.lang.Object, java.lang.Object, java.lang.Object)'> (0x000000008a2bb8b0) 
thrown [t:\workspace\open\src\hotspot\share\interpreter\linkResolver.cpp, line 766]
Event: 2.928 Thread 0x0000021cca073980 Exception <a 'java/lang/reflect/InvocationTargetException'{0x0000000089c60310}> (0x0000000089c60310) 
thrown [t:\workspace\open\src\hotspot\share\runtime\reflection.cpp, line 1121]
Event: 2.934 Thread 0x0000021cc9f1f630 Exception <a 'java/lang/IncompatibleClassChangeError'{0x0000000089b1f5f8}: Found class java.lang.Object, but interface was expected> (0x0000000089b1f5f8) 
thrown [t:\workspace\open\src\hotspot\share\interpreter\linkResolver.cpp, line 833]
Event: 2.955 Thread 0x0000021cc9f1f630 Exception <a 'java/lang/NoSuchMethodError'{0x0000000089aaf780}: 'void java.lang.invoke.DirectMethodHandle$Holder.invokeInterface(java.lang.Object, java.lang.Object, java.lang.Object, java.lang.Object)'> (0x0000000089aaf780) 
thrown [t:\workspace\open\src\hotspot\share\interpreter\linkResolver.cpp, line 766]

VM Operations (20 events):
Event: 1.924 Executing VM operation: G1CollectForAllocation
Event: 1.928 Executing VM operation: G1CollectForAllocation done
Event: 2.115 Executing VM operation: HandshakeAllThreads
Event: 2.115 Executing VM operation: HandshakeAllThreads done
Event: 2.363 Executing VM operation: HandshakeAllThreads
Event: 2.363 Executing VM operation: HandshakeAllThreads done
Event: 2.595 Executing VM operation: HandshakeAllThreads
Event: 2.595 Executing VM operation: HandshakeAllThreads done
Event: 2.638 Executing VM operation: ICBufferFull
Event: 2.644 Executing VM operation: ICBufferFull done
Event: 2.735 Executing VM operation: G1CollectForAllocation
Event: 2.743 Executing VM operation: G1CollectForAllocation done
Event: 2.793 Executing VM operation: HandshakeAllThreads
Event: 2.793 Executing VM operation: HandshakeAllThreads done
Event: 2.827 Executing VM operation: HandshakeAllThreads
Event: 2.827 Executing VM operation: HandshakeAllThreads done
Event: 3.108 Executing VM operation: ICBufferFull
Event: 3.109 Executing VM operation: ICBufferFull done
Event: 3.113 Executing VM operation: HandshakeAllThreads
Event: 3.113 Executing VM operation: HandshakeAllThreads done

Events (20 events):
Event: 2.812 loading class java/beans/GenericBeanInfo done
Event: 2.813 loading class java/util/Hashtable$EntrySet
Event: 2.813 loading class java/util/Hashtable$EntrySet done
Event: 2.815 loading class java/util/AbstractList$ListItr
Event: 2.815 loading class java/util/AbstractList$ListItr done
Event: 2.827 Thread 0x0000021cca0a38e0 Thread exited: 0x0000021cca0a38e0
Event: 2.832 loading class java/util/regex/Pattern$LazyLoop
Event: 2.832 loading class java/util/regex/Pattern$Loop
Event: 2.833 loading class java/util/regex/Pattern$Loop done
Event: 2.833 loading class java/util/regex/Pattern$LazyLoop done
Event: 2.833 loading class java/util/regex/Pattern$Prolog
Event: 2.833 loading class java/util/regex/Pattern$Prolog done
Event: 2.881 Thread 0x0000021cb6b18740 Thread added: 0x0000021cb6b18740
Event: 2.902 loading class javax/naming/ldap/LdapContext
Event: 2.903 loading class javax/naming/directory/DirContext
Event: 2.904 loading class javax/naming/directory/DirContext done
Event: 2.904 loading class javax/naming/ldap/LdapContext done
Event: 2.926 Thread 0x0000021cb6b16a60 Thread added: 0x0000021cb6b16a60
Event: 2.928 Thread 0x0000021cb6b18740 Thread exited: 0x0000021cb6b18740
Event: 2.929 Thread 0x0000021cb6b16a60 Thread exited: 0x0000021cb6b16a60


Dynamic libraries:
0x00007ff753d60000 - 0x00007ff753d6e000 	D:\jdk1.8\bin\java.exe
0x00007ffb931e0000 - 0x00007ffb933d0000 	C:\WINDOWS\SYSTEM32\ntdll.dll
0x00007ffb915b0000 - 0x00007ffb91662000 	C:\WINDOWS\System32\KERNEL32.DLL
0x00007ffb90e40000 - 0x00007ffb910e5000 	C:\WINDOWS\System32\KERNELBASE.dll
0x00007ffb908d0000 - 0x00007ffb909ca000 	C:\WINDOWS\System32\ucrtbase.dll
0x00007ffb873c0000 - 0x00007ffb873d8000 	D:\jdk1.8\bin\jli.dll
0x00007ffb860f0000 - 0x00007ffb8610a000 	D:\jdk1.8\bin\VCRUNTIME140.dll
0x00007ffb91fd0000 - 0x00007ffb92164000 	C:\WINDOWS\System32\USER32.dll
0x00007ffb90b80000 - 0x00007ffb90ba1000 	C:\WINDOWS\System32\win32u.dll
0x00007ffb77710000 - 0x00007ffb77994000 	C:\WINDOWS\WinSxS\amd64_microsoft.windows.common-controls_6595b64144ccf1df_6.0.18362.1556_none_9e7e372fe45e41d5\COMCTL32.dll
0x00007ffb91310000 - 0x00007ffb91336000 	C:\WINDOWS\System32\GDI32.dll
0x00007ffb91730000 - 0x00007ffb917ce000 	C:\WINDOWS\System32\msvcrt.dll
0x00007ffb910f0000 - 0x00007ffb91288000 	C:\WINDOWS\System32\gdi32full.dll
0x00007ffb926f0000 - 0x00007ffb92a26000 	C:\WINDOWS\System32\combase.dll
0x00007ffb90cc0000 - 0x00007ffb90d5e000 	C:\WINDOWS\System32\msvcp_win.dll
0x00007ffb92380000 - 0x00007ffb9249f000 	C:\WINDOWS\System32\RPCRT4.dll
0x00007ffb90d60000 - 0x00007ffb90de1000 	C:\WINDOWS\System32\bcryptPrimitives.dll
0x00007ffb91c50000 - 0x00007ffb91c7e000 	C:\WINDOWS\System32\IMM32.DLL
0x00007ffb87430000 - 0x00007ffb8743c000 	D:\jdk1.8\bin\vcruntime140_1.dll
0x00007ffb4ce60000 - 0x00007ffb4ceed000 	D:\jdk1.8\bin\msvcp140.dll
0x00007ffb393d0000 - 0x00007ffb39f91000 	D:\jdk1.8\bin\server\jvm.dll
0x00007ffb91500000 - 0x00007ffb915a3000 	C:\WINDOWS\System32\ADVAPI32.dll
0x00007ffb92510000 - 0x00007ffb925a7000 	C:\WINDOWS\System32\sechost.dll
0x00007ffb91720000 - 0x00007ffb91728000 	C:\WINDOWS\System32\PSAPI.DLL
0x00007ffb760d0000 - 0x00007ffb760d9000 	C:\WINDOWS\SYSTEM32\WSOCK32.dll
0x00007ffb91d50000 - 0x00007ffb91dbf000 	C:\WINDOWS\System32\WS2_32.dll
0x00007ffb84a70000 - 0x00007ffb84a94000 	C:\WINDOWS\SYSTEM32\WINMM.dll
0x00007ffb865d0000 - 0x00007ffb865da000 	C:\WINDOWS\SYSTEM32\VERSION.dll
0x00007ffb84a40000 - 0x00007ffb84a6d000 	C:\WINDOWS\SYSTEM32\WINMMBASE.dll
0x00007ffb90b30000 - 0x00007ffb90b7a000 	C:\WINDOWS\System32\cfgmgr32.dll
0x00007ffb90130000 - 0x00007ffb90141000 	C:\WINDOWS\System32\kernel.appcore.dll
0x00007ffb86290000 - 0x00007ffb8629a000 	D:\jdk1.8\bin\jimage.dll
0x00007ffb8b0d0000 - 0x00007ffb8b2c4000 	C:\WINDOWS\SYSTEM32\DBGHELP.DLL
0x00007ffb74010000 - 0x00007ffb7403a000 	C:\WINDOWS\SYSTEM32\dbgcore.DLL
0x00007ffb879b0000 - 0x00007ffb879be000 	D:\jdk1.8\bin\instrument.dll
0x00007ffb81f00000 - 0x00007ffb81f25000 	D:\jdk1.8\bin\java.dll
0x00007ffb4b070000 - 0x00007ffb4b146000 	D:\jdk1.8\bin\jsvml.dll
0x00007ffb92a30000 - 0x00007ffb93117000 	C:\WINDOWS\System32\SHELL32.dll
0x00007ffb91670000 - 0x00007ffb91718000 	C:\WINDOWS\System32\shcore.dll
0x00007ffb90150000 - 0x00007ffb908cb000 	C:\WINDOWS\System32\windows.storage.dll
0x00007ffb900a0000 - 0x00007ffb900be000 	C:\WINDOWS\System32\profapi.dll
0x00007ffb900e0000 - 0x00007ffb9012a000 	C:\WINDOWS\System32\powrprof.dll
0x00007ffb90090000 - 0x00007ffb900a0000 	C:\WINDOWS\System32\UMPDC.dll
0x00007ffb92690000 - 0x00007ffb926e2000 	C:\WINDOWS\System32\shlwapi.dll
0x00007ffb90e20000 - 0x00007ffb90e37000 	C:\WINDOWS\System32\cryptsp.dll
0x00007ffb81c00000 - 0x00007ffb81c18000 	D:\jdk1.8\bin\zip.dll
0x00007ffb860b0000 - 0x00007ffb860c9000 	D:\jdk1.8\bin\net.dll
0x00007ffb884e0000 - 0x00007ffb885da000 	C:\WINDOWS\SYSTEM32\WINHTTP.dll
0x00007ffb8f8d0000 - 0x00007ffb8f937000 	C:\WINDOWS\system32\mswsock.dll
0x00007ffb84750000 - 0x00007ffb84766000 	D:\jdk1.8\bin\nio.dll
0x00007ffb81be0000 - 0x00007ffb81bfa000 	D:\IntelliJ IDEA 2021.3.2\bin\breakgen64.dll
0x00007ffb60e20000 - 0x00007ffb60f2d000 	C:\WINDOWS\SysWOW64\ierd_tgp_lsp64.dll
0x00007ffb92220000 - 0x00007ffb92377000 	C:\WINDOWS\System32\ole32.dll
0x00007ffb779e0000 - 0x00007ffb779ea000 	C:\WINDOWS\system32\wshqos.dll
0x00007ffb77660000 - 0x00007ffb77668000 	C:\WINDOWS\SYSTEM32\wshtcpip.DLL
0x00007ffb77650000 - 0x00007ffb77658000 	C:\WINDOWS\SYSTEM32\wship6.dll
0x00007ffb8f630000 - 0x00007ffb8f6fb000 	C:\WINDOWS\SYSTEM32\DNSAPI.dll
0x00007ffb91c40000 - 0x00007ffb91c48000 	C:\WINDOWS\System32\NSI.dll
0x00007ffb8f5e0000 - 0x00007ffb8f61a000 	C:\WINDOWS\SYSTEM32\IPHLPAPI.DLL
0x00007ffb85350000 - 0x00007ffb8535a000 	C:\Windows\System32\rasadhlp.dll
0x00007ffb84880000 - 0x00007ffb848f7000 	C:\WINDOWS\System32\fwpuclnt.dll
0x00007ffb90df0000 - 0x00007ffb90e16000 	C:\WINDOWS\System32\bcrypt.dll
0x00007ffb879a0000 - 0x00007ffb879a9000 	D:\jdk1.8\bin\management.dll
0x00007ffb87530000 - 0x00007ffb8753b000 	D:\jdk1.8\bin\management_ext.dll
0x00007ffb8f450000 - 0x00007ffb8f483000 	C:\WINDOWS\system32\rsaenh.dll
0x00007ffb8ff80000 - 0x00007ffb8ffa5000 	C:\WINDOWS\SYSTEM32\USERENV.dll
0x00007ffb8faa0000 - 0x00007ffb8faac000 	C:\WINDOWS\SYSTEM32\CRYPTBASE.dll
0x00007ffb85250000 - 0x00007ffb85266000 	C:\WINDOWS\SYSTEM32\dhcpcsvc6.DLL
0x00007ffb851b0000 - 0x00007ffb851cc000 	C:\WINDOWS\SYSTEM32\dhcpcsvc.DLL
0x00007ffb4adb0000 - 0x00007ffb4adc6000 	C:\WINDOWS\system32\napinsp.dll
0x00007ffb4ad90000 - 0x00007ffb4adaa000 	C:\WINDOWS\system32\pnrpnsp.dll
0x00007ffb4ad80000 - 0x00007ffb4ad8e000 	C:\WINDOWS\System32\winrnr.dll
0x00007ffb89710000 - 0x00007ffb8972c000 	C:\WINDOWS\system32\NLAapi.dll
0x00007ffb88810000 - 0x00007ffb88825000 	C:\WINDOWS\system32\wshbth.dll

dbghelp: loaded successfully - version: 4.0.5 - missing functions: none
symbol engine: initialized successfully - sym options: 0x614 - pdb path: .;D:\jdk1.8\bin;C:\WINDOWS\SYSTEM32;C:\WINDOWS\WinSxS\amd64_microsoft.windows.common-controls_6595b64144ccf1df_6.0.18362.1556_none_9e7e372fe45e41d5;D:\jdk1.8\bin\server;D:\IntelliJ IDEA 2021.3.2\bin;C:\WINDOWS\SysWOW64

VM Arguments:
jvm_args: -XX:TieredStopAtLevel=1 -Xverify:none -Dspring.output.ansi.enabled=always -Dcom.sun.management.jmxremote -Dspring.jmx.enabled=true -Dspring.liveBeansView.mbeanDomain -Dspring.application.admin.enabled=true -javaagent:D:\IntelliJ IDEA 2021.3.2\lib\idea_rt.jar=56634:D:\IntelliJ IDEA 2021.3.2\bin -Dfile.encoding=UTF-8 
java_command: com.zhong.wiki.config.WikiApplication
java_class_path (initial): D:\xiangmu5\target\classes;C:\Users\兆晋\.m2\repository\org\springframework\boot\spring-boot-starter-web\2.6.4\spring-boot-starter-web-2.6.4.jar;C:\Users\兆晋\.m2\repository\org\springframework\boot\spring-boot-starter\2.6.4\spring-boot-starter-2.6.4.jar;C:\Users\兆晋\.m2\repository\org\springframework\boot\spring-boot-starter-logging\2.6.4\spring-boot-starter-logging-2.6.4.jar;C:\Users\兆晋\.m2\repository\ch\qos\logback\logback-classic\1.2.10\logback-classic-1.2.10.jar;C:\Users\兆晋\.m2\repository\ch\qos\logback\logback-core\1.2.10\logback-core-1.2.10.jar;C:\Users\兆晋\.m2\repository\org\apache\logging\log4j\log4j-to-slf4j\2.17.1\log4j-to-slf4j-2.17.1.jar;C:\Users\兆晋\.m2\repository\org\apache\logging\log4j\log4j-api\2.17.1\log4j-api-2.17.1.jar;C:\Users\兆晋\.m2\repository\org\slf4j\jul-to-slf4j\1.7.36\jul-to-slf4j-1.7.36.jar;C:\Users\兆晋\.m2\repository\jakarta\annotation\jakarta.annotation-api\1.3.5\jakarta.annotation-api-1.3.5.jar;C:\Users\兆晋\.m2\repository\org\yaml\snakeyaml\1.29\snakeyaml-1.29.jar;C:\Users\兆晋\.m2\repository\org\springframework\boot\spring-boot-starter-json\2.6.4\spring-boot-starter-json-2.6.4.jar;C:\Users\兆晋\.m2\repository\com\fasterxml\jackson\core\jackson-databind\2.13.1\jackson-databind-2.13.1.jar;C:\Users\兆晋\.m2\repository\com\fasterxml\jackson\core\jackson-annotations\2.13.1\jackson-annotations-2.13.1.jar;C:\Users\兆晋\.m2\repository\com\fasterxml\jackson\core\jackson-core\2.13.1\jackson-core-2.13.1.jar;C:\Users\兆晋\.m2\repository\com\fasterxml\jackson\datatype\jackson-datatype-jdk8\2.13.1\jackson-datatype-jdk8-2.13.1.jar;C:\Users\兆晋\.m2\repository\com\fasterxml\jackson\datatype\jackson-datatype-jsr310\2.13.1\jackson-datatype-jsr310-2.13.1.jar;C:\Users\兆晋\.m2\repository\com\fasterxml\jackson\module\jackson-module-parameter-names\2.13.1\jackson-module-parameter-names-2.13.1.jar;C:\Users\兆晋\.m2\repository\org\springframework\boot\spring-boot-starter-tomcat\2.6.4\spring-boot-starter-tomcat-2.6.4.j
Launcher Type: SUN_STANDARD

[Global flags]
     intx CICompilerCount                          = 4                                         {product} {ergonomic}
     uint ConcGCThreads                            = 2                                         {product} {ergonomic}
     uint G1ConcRefinementThreads                  = 8                                         {product} {ergonomic}
   size_t G1HeapRegionSize                         = 1048576                                   {product} {ergonomic}
    uintx GCDrainStackTargetSize                   = 64                                        {product} {ergonomic}
   size_t InitialHeapSize                          = 132120576                                 {product} {ergonomic}
     bool ManagementServer                         = true                                      {product} {command line}
   size_t MarkStackSize                            = 4194304                                   {product} {ergonomic}
   size_t MaxHeapSize                              = 2097152000                                {product} {ergonomic}
   size_t MaxNewSize                               = 1258291200                                {product} {ergonomic}
   size_t MinHeapDeltaBytes                        = 1048576                                   {product} {ergonomic}
   size_t MinHeapSize                              = 8388608                                   {product} {ergonomic}
    uintx NonProfiledCodeHeapSize                  = 0                                      {pd product} {ergonomic}
     bool ProfileInterpreter                       = false                                  {pd product} {command line}
    uintx ProfiledCodeHeapSize                     = 0                                      {pd product} {ergonomic}
   size_t SoftMaxHeapSize                          = 2097152000                             {manageable} {ergonomic}
     intx TieredStopAtLevel                        = 1                                         {product} {command line}
     bool UseCompressedClassPointers               = true                           {product lp64_product} {ergonomic}
     bool UseCompressedOops                        = true                           {product lp64_product} {ergonomic}
     bool UseG1GC                                  = true                                      {product} {ergonomic}
     bool UseLargePagesIndividualAllocation        = false                                  {pd product} {ergonomic}

Logging:
Log output configuration:
 #0: stdout all=warning uptime,level,tags
 #1: stderr all=off uptime,level,tags

Environment Variables:
JAVA_HOME=D:\Program Files\Java\jdk-11.0.2
CLASSPATH=.;D:\Program Files\Java\jdk-11.0.2\lib\dt.jar;D:\Program Files\Java\jdk-11.0.2\lib\toos.jar
PATH=D:\Program Files\Java\jdk-11.0.2\jre\bin;D:\Program Files\Java\jdk-11.0.2\bin;C:\Program Files (x86)\Common Files\Oracle\Java\javapath;C:\Windows\system32;C:\Windows;C:\Windows\System32\Wbem;C:\Windows\System32\WindowsPowerShell\v1.0\;C:\Windows\System32\OpenSSH\;C:\Program Files (x86)\NVIDIA Corporation\PhysX\Common;C:\Program Files (x86)\QuickTime\QTSystem\;C:\Program Files (x86)\Intel\Intel(R) Management Engine Components\DAL;C:\Program Files\Intel\Intel(R) Management Engine Components\DAL;C:\Program Files\Intel\WiFi\bin\;C:\Program Files\Common Files\Intel\WirelessCommon\;C:\WINDOWS\system32;C:\WINDOWS;C:\WINDOWS\System32\Wbem;C:\WINDOWS\System32\WindowsPowerShell\v1.0\;C:\WINDOWS\System32\OpenSSH\D:\android SDK\platform-tools\systrace\catapult\devil\devil\android\sdk/platform-tools;D:\android SDK\platform-tools\systrace\catapult\devil\devil\android\sdk/tools;D:\apache-tomcat-8.5.54bin;D:\MASM;D:\mysql-8.0.25-winx64\bin;D:\MySQL\mysql-5.6.16-win32\bin;D:\node\;D:\neo4j\neo4j-community-4.4.4-windows\neo4j-community-4.4.4\bin;D:\Git\Git\cmd;C:\Users\兆晋\AppData\Local\Microsoft\WindowsApps;D:\新建文件夹 (4)\Microsoft VS Code\bin;C:\Users\兆晋\AppData\Roaming\npm
USERNAME=兆晋
OS=Windows_NT
PROCESSOR_IDENTIFIER=Intel64 Family 6 Model 142 Stepping 11, GenuineIntel



---------------  S Y S T E M  ---------------

OS:
 Windows 10 , 64 bit Build 18362 (10.0.18362.1500)
OS uptime: 1 days 5:02 hours

CPU: total 8 (initial active 8) (4 cores per cpu, 2 threads per core) family 6 model 142 stepping 11 microcode 0xde, cx8, cmov, fxsr, ht, mmx, 3dnowpref, sse, sse2, sse3, ssse3, sse4.1, sse4.2, popcnt, lzcnt, tsc, tscinvbit, avx, avx2, aes, erms, clmul, bmi1, bmi2, adx, fma, vzeroupper, clflush, clflushopt

Memory: 4k page, system-wide physical 7999M (1179M free)
TotalPageFile size 11478M (AvailPageFile size 0M)
current process WorkingSet (physical memory assigned to process): 111M, peak: 111M
current process commit charge ("private bytes"): 240M, peak: 240M

vm_info: OpenJDK 64-Bit Server VM (17.0.2+8-86) for windows-amd64 JRE (17.0.2+8-86), built on Dec  7 2021 21:49:10 by "mach5one" with MS VC++ 16.8 / 16.9 (VS2019)

END.
